[22:34:43] [main/INFO]: Loading Minecraft 1.21.4 with Fabric Loader 0.18.4
[22:34:43] [ForkJoinPool-1-worker-2/WARN]: Mod mr_vanilla_refresh uses the version 1.4.27a which isn't compatible with Loader's extended semantic version format (Could not parse version number component '27a'!), SemVer is recommended for reliably evaluating dependencies and prioritizing newer version
[22:34:44] [main/WARN]: Warnings were found!
 - Mod 'Forge Config API Port' (forgeconfigapiport) 21.4.3 recommends any version of modmenu, which is missing!
	 - You should install any version of modmenu for the optimal experience.
 - Mod 'Naturally Trimmed' (naturally_trimmed) 3.1.2 recommends version 12.0.0-beta.1 or later of modmenu, which is missing!
	 - You should install version 12.0.0-beta.1 or later of modmenu for the optimal experience.
[22:34:44] [main/INFO]: Loading 230 mods:
	- additionalstructures 5.2.0
	- alwaysinfectmod 1.0.0-1.21.4
	- antixray 1.4.10
	   |-- com_moandjiezana_toml_toml4j 0.7.2
	   \-- fabric-permissions-api-v0 0.3.3
	- atistructures 1.3.10
	- betterdeserttemples 1.21.4-Fabric-4.4.0
	   \-- org_reflections_reflections 0.10.2
	- betterdungeons 1.21.4-Fabric-5.4.0
	   \-- org_reflections_reflections 0.10.2
	- betterendisland 1.21.4-Fabric-3.4.0
	   \-- org_reflections_reflections 0.10.2
	- betterfortresses 1.21.4-Fabric-3.4.1
	   \-- org_reflections_reflections 0.10.2
	- betterjungletemples 1.21.4-Fabric-3.4.0
	   \-- org_reflections_reflections 0.10.2
	- bettermineshafts 1.21.4-Fabric-5.4.0
	   \-- org_reflections_reflections 0.10.2
	- betteroceanmonuments 1.21.4-Fabric-4.4.0
	   \-- org_reflections_reflections 0.10.2
	- betterstrongholds 1.21.4-Fabric-5.4.0
	   \-- org_reflections_reflections 0.10.2
	- bladesdungeons 1.1.6
	- boss_music_mod 1.2.1
	- bountyhunt 1.3.2-1.21.4
	   |-- com_electronwill_night-config_json 3.6.6
	   \-- sgui 1.8.2+1.21.4
	- camp_fires_cook_mobs 1.4.1
	- cloth-config 17.0.144
	   \-- cloth-basic-math 0.6.1
	- clumps 22.0.0.1
	- collective 8.3
	- connected-doors 1.3+1.21.2
	- continents 1.1.12
	- cristellib 2.0.2
	   \-- blue_endless_jankson 1.2.3
	- dailydad_server 2.1.0
	- daylight_mobs_reborn 1.2.13
	- dcintegration-fabric 3.1.0.1
	   |-- de_erdbeerbaerlp_dcintegration_common 3.1.0
	   |-- fabric-permissions-api-v0 0.3.3
	   \-- placeholder-api 2.5.1+1.21.3
	- deathcounter 2024.12.3
	   |-- ducky-updater-lib 2024.10.2
	   |-- fstats-api 2023.12.3
	   |-- io_ktor_ktor-events-jvm 3.0.2
	   |-- io_ktor_ktor-http-cio-jvm 3.0.2
	   |-- io_ktor_ktor-http-jvm 3.0.2
	   |-- io_ktor_ktor-io-jvm 3.0.2
	   |-- io_ktor_ktor-network-jvm 3.0.2
	   |-- io_ktor_ktor-server-cio-jvm 3.0.2
	   |-- io_ktor_ktor-server-core-jvm 3.0.2
	   |-- io_ktor_ktor-server-host-common-jvm 3.0.2
	   |-- io_ktor_ktor-server-html-builder-jvm 3.0.2
	   |-- io_ktor_ktor-utils-jvm 3.0.2
	   |-- modmenu-badges-lib 2023.6.1
	   \-- org_jetbrains_kotlinx_kotlinx-html-jvm 0.9.1
	- deimos 2.5
	- eclipsescustomname 0.2.9-1.21.4
	   \-- fabric-permissions-api-v0 0.3.3
	- elytratrims 4.0.0-alpha.3
	- epicwitchhuts 1.2.0
	- explorify 1.6.4
	- fabric-api 0.119.4+1.21.4
	   |-- fabric-api-base 0.4.54+b47eab6b04
	   |-- fabric-api-lookup-api-v1 1.6.86+b1caf1e904
	   |-- fabric-biome-api-v1 15.0.6+b1c29d8e04
	   |-- fabric-block-api-v1 1.0.31+7feeb73304
	   |-- fabric-block-view-api-v2 1.0.20+9c49cc8c04
	   |-- fabric-blockrenderlayer-v1 2.0.8+7feeb73304
	   |-- fabric-client-tags-api-v1 1.1.29+20ea1e2304
	   |-- fabric-command-api-v1 1.2.62+f71b366f04
	   |-- fabric-command-api-v2 2.2.41+e496eb1504
	   |-- fabric-commands-v0 0.2.79+df3654b304
	   |-- fabric-content-registries-v0 9.1.19+25d1a67604
	   |-- fabric-convention-tags-v1 2.1.20+7f945d5b04
	   |-- fabric-convention-tags-v2 2.14.1+aebda09404
	   |-- fabric-crash-report-info-v1 0.3.6+7feeb73304
	   |-- fabric-data-attachment-api-v1 1.6.2+e99da0f704
	   |-- fabric-data-generation-api-v1 22.3.1+0f4e5f5504
	   |-- fabric-dimensions-v1 4.0.10+7feeb73304
	   |-- fabric-entity-events-v1 2.0.15+62245bef04
	   |-- fabric-events-interaction-v0 4.0.4+a4eebcf004
	   |-- fabric-game-rule-api-v1 1.0.63+7d48d43904
	   |-- fabric-item-api-v1 11.4.0+189dd6fe04
	   |-- fabric-item-group-api-v1 4.2.2+fcb9601404
	   |-- fabric-key-binding-api-v1 1.0.57+7d48d43904
	   |-- fabric-keybindings-v0 0.2.55+df3654b304
	   |-- fabric-lifecycle-events-v1 2.5.4+bf2a60eb04
	   |-- fabric-loot-api-v2 3.0.38+3f89f5a504
	   |-- fabric-loot-api-v3 1.0.26+203e6b2304
	   |-- fabric-message-api-v1 6.0.26+238a33c004
	   |-- fabric-model-loading-api-v1 4.3.0+ae23723504
	   |-- fabric-networking-api-v1 4.4.0+db5e668204
	   |-- fabric-object-builder-api-v1 18.0.14+38b0d59804
	   |-- fabric-particles-v1 4.0.14+7feeb73304
	   |-- fabric-recipe-api-v1 8.1.1+640e77ae04
	   |-- fabric-registry-sync-v0 6.1.11+4a9c1ece04
	   |-- fabric-renderer-api-v1 5.0.3+50f0feb204
	   |-- fabric-renderer-indigo 2.0.3+50f0feb204
	   |-- fabric-rendering-data-attachment-v1 0.3.58+73761d2e04
	   |-- fabric-rendering-fluids-v1 3.1.19+7feeb73304
	   |-- fabric-rendering-v1 10.2.1+0d31b09f04
	   |-- fabric-resource-conditions-api-v1 5.0.13+203e6b2304
	   |-- fabric-resource-loader-v0 3.1.1+360374ac04
	   |-- fabric-screen-api-v1 2.0.38+7feeb73304
	   |-- fabric-screen-handler-api-v1 1.3.118+7feeb73304
	   |-- fabric-sound-api-v1 1.0.32+7feeb73304
	   |-- fabric-tag-api-v1 1.0.7+7d48d43904
	   |-- fabric-transfer-api-v1 5.4.9+efa825c904
	   \-- fabric-transitive-access-wideners-v1 6.3.2+56e78b9b04
	- fabric-language-kotlin 1.13.8+kotlin.2.3.0
	   |-- org_jetbrains_kotlin_kotlin-reflect 2.3.0
	   |-- org_jetbrains_kotlin_kotlin-stdlib 2.3.0
	   |-- org_jetbrains_kotlin_kotlin-stdlib-jdk7 2.3.0
	   |-- org_jetbrains_kotlin_kotlin-stdlib-jdk8 2.3.0
	   |-- org_jetbrains_kotlinx_atomicfu-jvm 0.29.0
	   |-- org_jetbrains_kotlinx_kotlinx-coroutines-core-jvm 1.10.2
	   |-- org_jetbrains_kotlinx_kotlinx-coroutines-jdk8 1.10.2
	   |-- org_jetbrains_kotlinx_kotlinx-datetime-jvm 0.7.1
	   |-- org_jetbrains_kotlinx_kotlinx-io-bytestring-jvm 0.8.2
	   |-- org_jetbrains_kotlinx_kotlinx-io-core-jvm 0.8.2
	   |-- org_jetbrains_kotlinx_kotlinx-serialization-cbor-jvm 1.9.0
	   |-- org_jetbrains_kotlinx_kotlinx-serialization-core-jvm 1.9.0
	   \-- org_jetbrains_kotlinx_kotlinx-serialization-json-jvm 1.9.0
	- fabricloader 0.18.4
	   \-- mixinextras 0.5.0
	- ferritecore 7.1.1
	- firearrows 13.3
	- fishing101 1.8+1.21.4
	   |-- polymer-core 0.11.8+1.21.4
	   |    |-- polymer-networking 0.11.8+1.21.4
	   |    |    \-- polymer-common 0.11.8+1.21.4
	   |    |         \-- packet_tweaker 0.6.0-pre.1+1.21.2-pre3
	   |    \-- polymer-registry-sync-manipulator 0.11.8+1.21.4
	   |-- polymer-resource-pack 0.11.8+1.21.4
	   |    \-- polymer-common 0.11.8+1.21.4
	   |         \-- packet_tweaker 0.6.0-pre.1+1.21.2-pre3
	   |-- server_translations_api 2.4.0+1.21.2-rc1
	   |    \-- packet_tweaker 0.6.0-pre.1+1.21.2-pre3
	   \-- sgui 1.8.2+1.21.4
	- forgeconfigapiport 21.4.3
	   |-- com_electronwill_night-config_core 3.8.1
	   \-- com_electronwill_night-config_toml 3.8.1
	- grimac 2.3.72-326e200
	   |-- ac_grim_grimac_common 2.3.72-326e200
	   |-- ac_grim_grimac_grimapi 1.1.0.0
	   |-- cloud 2.0.0-beta.10
	   |    |-- io_leangen_geantyref_geantyref 1.3.15
	   |    |-- org_incendo_cloud-brigadier 2.0.0-beta.10
	   |    |-- org_incendo_cloud-core 2.0.0
	   |    |-- org_incendo_cloud-minecraft-modded-common-fabric-repack 2.0.0-beta.10
	   |    \-- org_incendo_cloud-services 2.0.0
	   |-- com_github_alexheretic_dynamics 4.0
	   |-- com_github_alexheretic_fluent 2.0
	   |-- com_github_retrooper_packetevents-netty-common_default 2.9.0-SNAPSHOT
	   |-- com_googlecode_json-simple_json-simple 1.1.1
	   |-- com_zaxxer_hikaricp 4.0.3
	   |-- github_scarsz_configuralize_slim 1.4.1
	   |-- grimac-mc1161 2.3.72-326e200
	   |-- grimac-mc1171 2.3.72-326e200
	   |-- grimac-mc1194 2.3.72-326e200
	   |-- grimac-mc1205 2.3.72-326e200
	   |-- grimac-mc1215 2.3.72-326e200
	   |-- net_kyori_adventure-text-minimessage 4.23.0
	   |-- org_incendo_cloud-annotations 2.0.0
	   |-- org_incendo_cloud-processors-requirements 1.0.0-rc.1
	   |-- org_jetbrains_annotations 24.1.0
	   |-- org_slf4j_slf4j-api 1.7.30
	   |-- org_yaml_snakeyaml 2.2
	   \-- packetevents 2.9.0+30d3f650d-SNAPSHOT
	        |-- com_github_retrooper_api 2.9.0+30d3f650d-SNAPSHOT
	        |-- com_github_retrooper_netty-common 2.9.0+30d3f650d-SNAPSHOT
	        |-- conditional-mixin 0.6.4
	        |-- net_kyori_adventure-api 4.23.0
	        |-- net_kyori_adventure-key 4.23.0
	        |-- net_kyori_adventure-nbt 4.23.0
	        |-- net_kyori_examination-api 1.3.0
	        |-- net_kyori_examination-string 1.3.0
	        |-- packetevents-mc1140 2.9.0+30d3f650d-SNAPSHOT
	        |-- packetevents-mc1194 2.9.0+30d3f650d-SNAPSHOT
	        |-- packetevents-mc1202 2.9.0+30d3f650d-SNAPSHOT
	        |-- packetevents-mc1211 2.9.0+30d3f650d-SNAPSHOT
	        \-- packetevents-mc1216 2.9.0+30d3f650d-SNAPSHOT
	- hopobetterunderwaterruins 1.2.2
	- incendium 5.4.3
	- java 21
	- justmobheads 8.5
	- justplayerheads 4.2
	- lithostitched 1.4.4
	- mes 2.0.0
	- midnightlib 1.9.2
	- minecraft 1.21.4
	- moogs_structures 1.1.0-1.21.4-fabric
	- mr_armor_upgrades 1-v1.0.2
	- mr_aztec_ruins 1.0
	- mr_blaze_attackanimation 1.0
	- mr_builders_dream 1.3
	- mr_cherry_monastery 5.6
	- mr_copper_expansionlightningenchantment 1
	- mr_craftable_knowledgebook 1
	- mr_eye_tocity 1.1
	- mr_ice_pillager_castle 4.6
	- mr_katters_structures 2.2.1
	- mr_lukis_crazychambers 1.0.2
	- mr_minecraft_movie_structures 4.6
	- mr_moar_advancements 3.1
	- mr_neoenchant 5.11.3
	- mr_no_voidstructures 2.0.1
	- mr_progressive_eyes 1.4
	- mr_qraftys_archeologydigsites 3.1
	- mr_true_ending 1-v1.1.4d
	- mr_useful_snowgolems 1-v1.0.2
	- mr_vanilla_refresh 1.4.27a
	- mr_vision_enchantment 1-v1.0.0
	- naturally_trimmed 3.1.2
	   |-- org_quiltmc_parsers_gson 0.3.1
	   \-- org_quiltmc_parsers_json 0.3.1
	- notenoughtrials 4.0
	- nullscape 1.2.14
	- one-playersleep 1.1.0-beta1
	- owo 0.12.20+1.21.4
	   |-- io_wispforest_endec 0.1.9
	   |-- io_wispforest_endec_gson 0.1.6
	   |-- io_wispforest_endec_jankson 0.1.6
	   \-- io_wispforest_endec_netty 0.1.5
	- randomshulkercolours 3.4
	- resourcefullib 3.4.5
	   |-- com_teamresourceful_bytecodecs 1.1.2
	   \-- com_teamresourceful_yabn 1.0.3
	- sharpness6 1.21.4-1
	- simplemod 1.21.3
	- simpleupdatechecker 1.1.0+1.21.3
	   \-- server_translations_api 2.4.0+1.21.2-rc1
	        \-- packet_tweaker 0.6.0-pre.1+1.21.2-pre3
	- snowballsfreezemobs 3.8
	- spark 1.10.121
	   \-- fabric-permissions-api-v0 0.3.3
	- structory_towers 1.0.15
	- t_and_t 1.13.5
	- tectonic 2.4.3
	- terralith 2.5.8
	- tool_trims 2.3.0
	- u_sea 1.2.4
	- villagehealthcare 1.2.0
	- wabi_sabi_structures 3.0.2
	- witherswrath 1.15.1
	- yet_another_config_lib_v3 3.8.1+1.21.4-fabric
	   |-- com_twelvemonkeys_common_common-image 3.12.0
	   |-- com_twelvemonkeys_common_common-io 3.12.0
	   |-- com_twelvemonkeys_common_common-lang 3.12.0
	   |-- com_twelvemonkeys_imageio_imageio-core 3.12.0
	   |-- com_twelvemonkeys_imageio_imageio-metadata 3.12.0
	   \-- com_twelvemonkeys_imageio_imageio-webp 3.12.0
	- yungsapi 1.21.4-Fabric-5.4.0
	   |-- org_javassist_javassist 3.29.2-GA
	   \-- org_reflections_reflections 0.10.2
	- yungsextras 1.21.4-Fabric-5.4.0
	   \-- org_reflections_reflections 0.10.2
[22:34:46] [main/INFO]: SpongePowered MIXIN Subsystem Version=0.8.7 Source=file:/data/libraries/net/fabricmc/sponge-mixin/0.17.0+mixin.0.8.7/sponge-mixin-0.17.0+mixin.0.8.7.jar Service=Knot/Fabric Env=SERVER
[22:34:46] [main/INFO]: Compatibility level set to JAVA_21
[22:34:46] [main/WARN]: Reference map 'forgeconfigapiport.common.refmap.json' for forgeconfigapiport.common.mixins.json could not be read. If this is a development environment you can ignore this message
[22:34:46] [main/ERROR]: Failed reading REFMAP JSON from : java.lang.NullPointerException Cannot invoke "org.spongepowered.asm.mixin.refmap.ReferenceMapper.setResourceName(String)" because "mapper" is null
[22:34:46] [main/WARN]: Reference map '' for packetevents-mc1140.mixins.json could not be read. If this is a development environment you can ignore this message
[22:34:46] [main/ERROR]: Failed reading REFMAP JSON from : java.lang.NullPointerException Cannot invoke "org.spongepowered.asm.mixin.refmap.ReferenceMapper.setResourceName(String)" because "mapper" is null
[22:34:46] [main/WARN]: Reference map '' for packetevents-mc1914.mixins.json could not be read. If this is a development environment you can ignore this message
[22:34:46] [main/ERROR]: Failed reading REFMAP JSON from : java.lang.NullPointerException Cannot invoke "org.spongepowered.asm.mixin.refmap.ReferenceMapper.setResourceName(String)" because "mapper" is null
[22:34:46] [main/WARN]: Reference map '' for packetevents-mc1202.mixins.json could not be read. If this is a development environment you can ignore this message
[22:34:46] [main/WARN]: Reference map 'yet_another_config_lib_v3.refmap.json' for yacl.mixins.json could not be read. If this is a development environment you can ignore this message
[22:34:46] [main/WARN]: Reference map 'yet_another_config_lib_v3.refmap.json' for yacl-fabric.mixins.json could not be read. If this is a development environment you can ignore this message
[22:34:46] [main/WARN]: Error loading class: eu/pb4/styledchat/StyledChatUtils (java.lang.ClassNotFoundException: eu/pb4/styledchat/StyledChatUtils)
[22:34:46] [main/WARN]: Error loading class: com/electronwill/nightconfig/core/io/IoUtils (java.lang.ClassNotFoundException: com/electronwill/nightconfig/core/io/IoUtils)
[22:34:47] [main/WARN]: Error loading class: net/minecraft/class_287 (java.lang.ClassNotFoundException: net/minecraft/class_287)
[22:34:47] [main/WARN]: @Mixin target net.minecraft.class_287 was not found owo.mixins.json:BufferBuilderAccessor from mod owo
[22:34:47] [main/WARN]: Error loading class: net/minecraft/class_437 (java.lang.ClassNotFoundException: net/minecraft/class_437)
[22:34:47] [main/WARN]: @Mixin target net.minecraft.class_437 was not found owo.mixins.json:ScreenAccessor from mod owo
[22:34:47] [main/INFO]: Initializing MixinExtras via com.llamalad7.mixinextras.service.MixinExtrasServiceImpl(version=0.5.0).
[22:34:52] [main/ERROR]: Mod with id explorify only has an old path for subPath data/cristellib/structure_config. New Path for Cristel Lib >=2.0.1 is missing! Maybe contact the mod author to let them know.
[22:34:53] [pool-2-thread-1/INFO]: [STDOUT]: {"game_versions":["1.21.2","1.21.3","1.21.4"],"loaders":["fabric"],"id":"UrJzcWLv","project_id":"7x0zk3YH","author_id":"vgcXqfPN","featured":false,"name":"Death Counter 2024.12.3","version_number":"2024.12.3","changelog":"- Fixed [#9](https://github.com/syorito-hatsuki/death-counter/issues/9)\n- Fixed [#11](https://github.com/syorito-hatsuki/death-counter/issues/11)","changelog_url":null,"date_published":"2024-12-24T00:31:09.226742Z","downloads":886,"version_type":"release","status":"listed","requested_status":null,"files":[{"id":"Jhm25eHT","hashes":{"sha1":"9298d7b0ed8d847552bd9aa2bb08dfa154af0fb2","sha512":"3067fed391d9759b9f3e69ef67c7a6b82066974f035be398f955fa813c9d785598716691ff00a5b2b5b1987c66ef1e78524bf05c584bf0c4e272c53207403b3c"},"url":"https://cdn.modrinth.com/data/7x0zk3YH/versions/UrJzcWLv/death-counter-1.21.2-2024.12.3.jar","filename":"death-counter-1.21.2-2024.12.3.jar","primary":true,"size":2858585,"file_type":null}],"dependencies":[{"version_id":null,"project_id":"mWxGwd3F","file_name":null,"dependency_type":"embedded"},{"version_id":null,"project_id":"Ha28R6CL","file_name":null,"dependency_type":"required"},{"version_id":null,"project_id":"P7dR8mSH","file_name":null,"dependency_type":"required"},{"version_id":null,"project_id":"DkOr2M32","file_name":null,"dependency_type":"embedded"},{"version_id":null,"project_id":"eUw8l2Vi","file_name":null,"dependency_type":"embedded"}]}
[22:34:53] [pool-2-thread-1/INFO]: [STDOUT]: {"game_versions":["1.20","1.20.1","1.20.2","1.20.3","1.20.4","1.20.5","1.20.6","1.21","1.21.1","1.21.2","1.21.3","1.21.4"],"loaders":["fabric"],"id":"WCwN1ld7","project_id":"mWxGwd3F","author_id":"vgcXqfPN","featured":false,"name":"Ducky Updater Lib 2024.10.2","version_number":"2024.10.2","changelog":"* Fixed IndexOutOfBoundsException and JsonSyntaxException","changelog_url":null,"date_published":"2024-10-29T08:39:10.488809Z","downloads":3037,"version_type":"release","status":"listed","requested_status":null,"files":[{"id":"r1QdWiw7","hashes":{"sha512":"c81c136e364da7c9b218393f60f9a34c4a8748d996426fd64f306f59f4366412897c0aa9eb18a17789e22fbf0f14f8a5890923ef71405258cd004240b8c4d218","sha1":"de1b17b4e9ab6c592e91ceeb76ef4c54b1b854b9"},"url":"https://cdn.modrinth.com/data/mWxGwd3F/versions/WCwN1ld7/ducky-updater-lib-2024.10.2-1.20.jar","filename":"ducky-updater-lib-2024.10.2-1.20.jar","primary":true,"size":18832,"file_type":null}],"dependencies":[]}
[22:34:53] [pool-2-thread-1/INFO]: [STDOUT]: {"game_versions":["1.21.4"],"loaders":["fabric"],"id":"3Q34Qq8o","project_id":"DkOr2M32","author_id":"vgcXqfPN","featured":false,"name":"fStats 2025.4.2","version_number":"2025.4.2","changelog":"* Added online mode check for client-side","changelog_url":null,"date_published":"2025-04-30T21:06:02.536977Z","downloads":52,"version_type":"release","status":"listed","requested_status":null,"files":[{"id":"tM4vbczc","hashes":{"sha1":"bb75761b7372b6b683acc9aa1c6e2e2f2cf7e4db","sha512":"0b7c5e220f1a959a5107c9bbe3947b603a58bc9108675dd59435524d1cdebcf477b689ce54ea89054add62cfa2af3f22355ea9f0a60675abc1ab6011129f7d8c"},"url":"https://cdn.modrinth.com/data/DkOr2M32/versions/3Q34Qq8o/fstats-api-2025.4.2.jar","filename":"fstats-api-2025.4.2.jar","primary":true,"size":53394,"file_type":null}],"dependencies":[{"version_id":null,"project_id":"P7dR8mSH","file_name":null,"dependency_type":"optional"},{"version_id":null,"project_id":"mOgUt4GM","file_name":null,"dependency_type":"optional"}]}
[22:34:53] [main/INFO]: Successfully initialized antixray for fabric
[22:34:53] [main/INFO]: Reflections took 45 ms to scan 1 urls, producing 1 keys and 2 values
[22:34:53] [main/INFO]: Reflections took 3 ms to scan 1 urls, producing 1 keys and 2 values
[22:34:53] [main/INFO]: Reflections took 3 ms to scan 1 urls, producing 1 keys and 3 values
[22:34:53] [main/INFO]: Reflections took 4 ms to scan 1 urls, producing 1 keys and 3 values
[22:34:53] [main/INFO]: Reflections took 2 ms to scan 1 urls, producing 1 keys and 2 values
[22:34:53] [main/INFO]: Reflections took 2 ms to scan 1 urls, producing 1 keys and 2 values
[22:34:53] [main/INFO]: Reflections took 4 ms to scan 1 urls, producing 1 keys and 1 values
[22:34:53] [main/INFO]: Reflections took 4 ms to scan 1 urls, producing 1 keys and 1 values
[22:34:53] [main/INFO]: Reflections took 6 ms to scan 1 urls, producing 1 keys and 3 values
[22:34:53] [main/INFO]: Reflections took 3 ms to scan 1 urls, producing 1 keys and 3 values
[22:34:54] [main/INFO]: Reflections took 2 ms to scan 1 urls, producing 1 keys and 2 values
[22:34:54] [main/INFO]: Reflections took 3 ms to scan 1 urls, producing 1 keys and 2 values
[22:34:54] [main/INFO]: Reflections took 2 ms to scan 1 urls, producing 1 keys and 1 values
[22:34:54] [main/INFO]: Reflections took 3 ms to scan 1 urls, producing 1 keys and 1 values
[22:34:54] [main/INFO]: Reflections took 2 ms to scan 1 urls, producing 1 keys and 2 values
[22:34:54] [main/INFO]: Reflections took 2 ms to scan 1 urls, producing 1 keys and 2 values
[22:34:54] [main/INFO]: Hello Fabric world!
[22:34:54] [main/INFO]: BountyHunt is initializing!
[22:34:54] [main/INFO]: Loaded config file.
[22:34:54] [main/INFO]: Files up to date
[22:34:54] [main/INFO]: Loaded BountyHunt files.
[22:34:54] [main/INFO]: Registered commands.
[22:34:54] [main/INFO]: BountyHunt has been initialized!
[22:34:54] [main/INFO]: Loading Collective version 8.3.
[22:34:54] [main/INFO]: Custom Names 0.2.9-1.21.4 initialising
[22:34:54] [main/INFO]: Reading config
[22:34:54] [main/INFO]: Hello Fabric world!
[22:34:54] [main/INFO]: AAA!! Something bit my toe!
[22:34:55] [main/INFO]: Loading PacketEvents...
[22:34:55] [main/ERROR]: Could not load SQLite driver for /grim history database.
Download the minecraft-sqlite-jdbc mod/plugin for SQLite support, or change history.database.type
Alternatively set history.enabled=false if /grim history support is not desired
[22:34:55] [main/INFO]: Loading Naturally Trimmed config from config file
[22:34:55] [main/INFO]: Loaded One PlayerSleep configuration from /data/./config/one-playersleep.json
[22:34:55] [main/INFO]: One PlayerSleep mod initialized!
[22:34:55] [main/INFO]: Sleep percentage: 50%
[22:34:55] [main/INFO]: Mod enabled: true
[22:34:55] [main/INFO]: Show sleep messages: true
[22:34:55] [main/INFO]: Allow sleep in Nether: false
[22:34:55] [main/INFO]: Allow sleep in End: false
[22:34:55] [main/INFO]: make a man a mod, he'll be enteratined for a few minutes - teach a man to mod, and he'll mald till the end of time
[22:34:55] [main/INFO]: Go make that OP weapon :)
[22:34:55] [main/INFO]: Hello Fabric world!
[22:34:56] [ForkJoinPool.commonPool-worker-1/ERROR]: Failed to read Modrinth version list! Got status code 404 with body ''
[22:34:56] [main/INFO]: Reflections took 9 ms to scan 1 urls, producing 1 keys and 3 values
[22:34:56] [main/INFO]: Reflections took 7 ms to scan 1 urls, producing 1 keys and 3 values
[22:34:56] [main/INFO]: Reflections took 2 ms to scan 1 urls, producing 1 keys and 2 values
[22:34:56] [main/INFO]: Reflections took 2 ms to scan 1 urls, producing 1 keys and 2 values
[22:34:56] [main/ERROR]: Please check the config file and set an bot token
[22:34:56] [main/INFO]: Environment: Environment[sessionHost=https://sessionserver.mojang.com, servicesHost=https://api.minecraftservices.com, name=PROD]
[22:34:57] [main/INFO]: Found new data pack cristellib:runtime_pack, loading it automatically
[22:34:57] [main/INFO]: Collected 0 data resources in 6.380647ms:

[22:35:03] [Worker-Main-5/ERROR]: Couldn't parse data file 'ma:discs/obtain_chrip' from 'ma:advancement/discs/obtain_chrip.json': DataResult.Error['Not a JSON object: null']
[22:35:03] [Worker-Main-5/ERROR]: Couldn't parse data file 'ma:discs/obtain_stall' from 'ma:advancement/discs/obtain_stall.json': DataResult.Error['Not a JSON object: null']
[22:35:05] [main/INFO]: Loaded 1669 recipes
[22:35:05] [main/ERROR]: Failed to load function vanilla_refresh:other_features/gamerules/refresh/modified
java.util.concurrent.CompletionException: java.lang.IllegalArgumentException: Whilst parsing command on line 128: Invalid chat component: Unterminated array at line 1 column 155 path $[4]
See https://github.com/google/gson/blob/main/Troubleshooting.md#malformed-json at position 305: ...},"color":<--[HERE]
	at java.base/java.util.concurrent.CompletableFuture.encodeThrowable(Unknown Source) ~[?:?]
	at java.base/java.util.concurrent.CompletableFuture.completeThrowable(Unknown Source) ~[?:?]
	at java.base/java.util.concurrent.CompletableFuture$AsyncSupply.run(Unknown Source) ~[?:?]
	at java.base/java.util.concurrent.CompletableFuture$AsyncSupply.exec(Unknown Source) ~[?:?]
	at java.base/java.util.concurrent.ForkJoinTask.doExec(Unknown Source) ~[?:?]
	at java.base/java.util.concurrent.ForkJoinPool$WorkQueue.topLevelExec(Unknown Source) ~[?:?]
	at java.base/java.util.concurrent.ForkJoinPool.scan(Unknown Source) ~[?:?]
	at java.base/java.util.concurrent.ForkJoinPool.runWorker(Unknown Source) ~[?:?]
	at java.base/java.util.concurrent.ForkJoinWorkerThread.run(Unknown Source) ~[?:?]
Caused by: java.lang.IllegalArgumentException: Whilst parsing command on line 128: Invalid chat component: Unterminated array at line 1 column 155 path $[4]
See https://github.com/google/gson/blob/main/Troubleshooting.md#malformed-json at position 305: ...},"color":<--[HERE]
	at knot/net.minecraft.class_2158.method_9195(class_2158.java:80) ~[server-intermediary.jar:?]
	at knot/net.minecraft.class_5349.method_29451(class_5349.java:87) ~[server-intermediary.jar:?]
	... 7 more
[22:35:05] [main/INFO]: Loaded 2145 advancements
[22:35:05] [ForkJoinPool.commonPool-worker-1/INFO]: Loaded 279 translation keys
[22:35:05] [main/INFO]: Applied 425 biome modifications to 149 of 174 new biomes in 24.97 ms
[22:35:05] [Server thread/INFO]: Registering packets...
[22:35:05] [Server thread/INFO]: Registering tick schedulers...
[22:35:05] [Server thread/INFO]: Grim Version: 2.3.72-326e200
[22:35:05] [Server thread/ERROR]: Could not load SQLite driver for /grim history database.
Download the minecraft-sqlite-jdbc mod/plugin for SQLite support, or change history.database.type
Alternatively set history.enabled=false if /grim history support is not desired
[22:35:05] [Server thread/INFO]: Starting background profiler...
[22:35:05] [Thread-3/INFO]: New GrimAC version found! Version 2.3.73-98fd065 is available to be downloaded here: https://modrinth.com/plugin/grimac
[22:35:05] [Server thread/INFO]: Starting minecraft server version 1.21.4
[22:35:05] [Server thread/INFO]: Loading properties
[22:35:05] [Server thread/INFO]: Default game type: SURVIVAL
[22:35:05] [Server thread/INFO]: Generating keypair
[22:35:05] [Server thread/INFO]: Starting Minecraft server on *:25565
[22:35:05] [Server thread/INFO]: Using epoll channel type
[22:35:06] [Server thread/INFO]: Preparing level "world"
[22:35:06] [Server thread/INFO]: Preparing start region for dimension minecraft:overworld
[22:35:14] [Worker-Main-11/INFO]: Preparing spawn area: 0%
[22:35:14] [Worker-Main-11/INFO]: Preparing spawn area: 0%
[22:35:14] [Worker-Main-11/INFO]: Preparing spawn area: 0%
[22:35:14] [Worker-Main-11/INFO]: Preparing spawn area: 0%
[22:35:14] [Worker-Main-11/INFO]: Preparing spawn area: 0%
[22:35:14] [Worker-Main-11/INFO]: Preparing spawn area: 0%
[22:35:14] [Worker-Main-11/INFO]: Preparing spawn area: 0%
[22:35:14] [Worker-Main-11/INFO]: Preparing spawn area: 0%
[22:35:14] [Worker-Main-11/INFO]: Preparing spawn area: 0%
[22:35:14] [Worker-Main-11/INFO]: Preparing spawn area: 0%
[22:35:14] [Worker-Main-11/INFO]: Preparing spawn area: 0%
[22:35:14] [Worker-Main-11/INFO]: Preparing spawn area: 0%
[22:35:14] [Worker-Main-11/INFO]: Preparing spawn area: 0%
[22:35:14] [Worker-Main-11/INFO]: Preparing spawn area: 0%
[22:35:14] [Worker-Main-11/INFO]: Preparing spawn area: 0%
[22:35:14] [Server thread/INFO]: Time elapsed: 7552 ms
[22:35:14] [Server thread/INFO]: -----[ [36m[1mfStats[0m ]-----
[22:35:14] [Server thread/INFO]: [33mOn server exist mod that collect metric data about mods usage for few author[0m
[22:35:14] [Server thread/INFO]: [33mThat mod work like bStats, no need to panic. You can disable it config if you want[0m
[22:35:14] [Server thread/INFO]: --------------------
[22:35:15] [Server thread/WARN]: {
  "projectIds": {
    "1": "2023.12.3",
    "34": "2024.12.3"
  },
  "metric": {
    "minecraftVersion": "1.21.4",
    "isOnlineMode": true,
    "os": "l",
    "location": "United States of America (the)",
    "fabricApiVersion": "0.119.4+1.21.4"
  }
}
[22:35:15] [Server thread/INFO]: Done (9.093s)! For help, type "help"
[22:35:15] [Server thread/INFO]: Starting remote control listener
[22:35:15] [Server thread/INFO]: Thread RCON Listener started
[22:35:15] [Server thread/INFO]: RCON running on 0.0.0.0:25575
[22:35:15] [pool-11-thread-1/INFO]: 
[22:35:15] [pool-11-thread-1/INFO]: [1m[33mUpdates available[0m
[22:35:15] [pool-11-thread-1/INFO]: 	- fStats API [90m[[37m202[91m3.12.3[90m -> [37m202[92m5.4.2[90m][0m
[22:35:15] [pool-11-thread-1/INFO]: 
[22:35:16] [pool-10-thread-1/INFO]: Metric data sent to https://fstats.dev
[22:35:26] [RCON Listener #1/INFO]: Thread RCON Client /0:0:0:0:0:0:0:1 started
[22:35:26] [Server thread/INFO]: [Rcon: Stopping the server]
[22:35:26] [RCON Client /0:0:0:0:0:0:0:1 #2/INFO]: Thread RCON Client /0:0:0:0:0:0:0:1 shutting down
[22:35:26] [Server thread/INFO]: Stopping fStats
[22:35:26] [Server thread/INFO]: Terminating PacketEvents...
[22:35:26] [Server thread/INFO]: Stopping server
[22:35:26] [Server thread/INFO]: Saving players
[22:35:26] [Server thread/INFO]: Saving worlds
[22:35:26] [Server thread/INFO]: Saving chunks for level 'ServerLevel[world]'/minecraft:overworld
[22:35:27] [Server thread/INFO]: Saving chunks for level 'ServerLevel[world]'/minecraft:the_nether
[22:35:27] [Server thread/INFO]: Saving chunks for level 'ServerLevel[world]'/minecraft:the_end
[22:35:27] [Server thread/INFO]: Saving chunks for level 'ServerLevel[world]'/kattersstructures:deep_blue
[22:35:27] [Server thread/INFO]: ThreadedAnvilChunkStorage (world): All chunks are saved
[22:35:27] [Server thread/INFO]: ThreadedAnvilChunkStorage (DIM-1): All chunks are saved
[22:35:27] [Server thread/INFO]: ThreadedAnvilChunkStorage (DIM1): All chunks are saved
[22:35:27] [Server thread/INFO]: ThreadedAnvilChunkStorage (deep_blue): All chunks are saved
[22:35:27] [Server thread/INFO]: ThreadedAnvilChunkStorage: All dimensions are saved
[22:35:27] [Server thread/INFO]: BountyHunt is shutting down!
[22:35:27] [Server thread/INFO]: Saved BountyHunt files.
[22:35:27] [Server thread/INFO]: Saved config file.
[22:35:27] [Server thread/INFO]: BountyHunt has been shut down!
[22:35:27] [Server thread/INFO]: Thread RCON Listener stopped
